
FAtoGDB -v -L:/work/shared/users/phd/jl4257/Project/genomics-agent/FASTGA/EXAMPLE/thread_16/fastga.log /work/shared/users/phd/jl4257/Project/genomics-agent/FASTGA/EXAMPLE/HAP1.fasta.gz

  Total Resources:  0.410u  0.043s  0.456w  99.7%  0MB

GIXmake -v -L:/work/shared/users/phd/jl4257/Project/genomics-agent/FASTGA/EXAMPLE/thread_16/fastga.log -T16 -P/work/shared/users/phd/jl4257/Project/genomics-agent/FASTGA/EXAMPLE/thread_16 /work/shared/users/phd/jl4257/Project/genomics-agent/FASTGA/EXAMPLE/HAP1.1gdb

  Partitioning K-mers via pos-lists into 16 parts

  Resources for phase:  1.623u  0.140s  0.432w  407.3%

  Sorting & output of each part

  Sampled:      64661214 ( 75.0%) kmers/positions

  Resources for phase:  6.918u  1.314s  2.086w  394.7%

  Total Resources:  8.541u  1.455s  2.519w  396.8%  0MB

FAtoGDB -v -L:/work/shared/users/phd/jl4257/Project/genomics-agent/FASTGA/EXAMPLE/thread_16/fastga.log /work/shared/users/phd/jl4257/Project/genomics-agent/FASTGA/EXAMPLE/HAP2.fasta.gz

  Total Resources:  0.399u  0.058s  0.461w  99.3%  0MB

GIXmake -v -L:/work/shared/users/phd/jl4257/Project/genomics-agent/FASTGA/EXAMPLE/thread_16/fastga.log -T16 -P/work/shared/users/phd/jl4257/Project/genomics-agent/FASTGA/EXAMPLE/thread_16 /work/shared/users/phd/jl4257/Project/genomics-agent/FASTGA/EXAMPLE/HAP2.1gdb

  Partitioning K-mers via pos-lists into 16 parts

  Resources for phase:  1.588u  0.139s  0.353w  489.1%

  Sorting & output of each part

  Sampled:      65045862 ( 75.0%) kmers/positions

  Resources for phase:  7.046u  1.247s  2.163w  383.5%

  Total Resources:  8.634u  1.387s  2.516w  398.3%  0MB

/work/shared/users/phd/jl4257/Project/genomics-agent/FASTGA/FastGA -vk -v -T16 -L:/work/shared/users/phd/jl4257/Project/genomics-agent/FASTGA/EXAMPLE/thread_16/fastga.log -P/work/shared/users/phd/jl4257/Project/genomics-agent/FASTGA/EXAMPLE/thread_16 -1:/work/shared/users/phd/jl4257/Project/genomics-agent/FASTGA/EXAMPLE/thread_16/H1vH2.1aln /work/shared/users/phd/jl4257/Project/genomics-agent/FASTGA/EXAMPLE/HAP1.fasta.gz /work/shared/users/phd/jl4257/Project/genomics-agent/FASTGA/EXAMPLE/HAP2.fasta.gz

  Using 16 threads

  Adaptive seed merge for G1

  Total seeds = 51082720, ave. len = 28.5, seeds per genome position = 0.6

  Resources for phase:  4.103u  28.440s  7.486w  434.7%

  Seed sort and alignment search, 10 parts

  Total hits over 85bp = 338700, 376250 aln's, 323569 non-redundant aln's of ave len 1953

  Sorting and merging alignments

  Resources for phase:  1:36.809u  1.303s  11.547w  849.6%

  Total Resources:  1:40.913u  29.756s  19.049w  686.0%  0MB
