
FAtoGDB -v -L:/work/shared/users/phd/jl4257/Project/genomics-agent/FASTGA/EXAMPLE/thread_2/fastga.log /work/shared/users/phd/jl4257/Project/genomics-agent/FASTGA/EXAMPLE/HAP1.fasta.gz

  Total Resources:  0.401u  0.051s  0.456w  99.5%  0MB

GIXmake -v -L:/work/shared/users/phd/jl4257/Project/genomics-agent/FASTGA/EXAMPLE/thread_2/fastga.log -T2 -P/work/shared/users/phd/jl4257/Project/genomics-agent/FASTGA/EXAMPLE/thread_2 /work/shared/users/phd/jl4257/Project/genomics-agent/FASTGA/EXAMPLE/HAP1.1gdb

  Partitioning K-mers via pos-lists into 8 parts

  Resources for phase:  1.212u  0.067s  0.669w  191.1%

  Sorting & output of each part

  Sampled:      64661214 ( 75.0%) kmers/positions

  Resources for phase:  5.508u  1.433s  4.245w  163.5%

  Total Resources:  6.721u  1.501s  4.915w  167.3%  0MB

FAtoGDB -v -L:/work/shared/users/phd/jl4257/Project/genomics-agent/FASTGA/EXAMPLE/thread_2/fastga.log /work/shared/users/phd/jl4257/Project/genomics-agent/FASTGA/EXAMPLE/HAP2.fasta.gz

  Total Resources:  0.409u  0.047s  0.460w  99.4%  0MB

GIXmake -v -L:/work/shared/users/phd/jl4257/Project/genomics-agent/FASTGA/EXAMPLE/thread_2/fastga.log -T2 -P/work/shared/users/phd/jl4257/Project/genomics-agent/FASTGA/EXAMPLE/thread_2 /work/shared/users/phd/jl4257/Project/genomics-agent/FASTGA/EXAMPLE/HAP2.1gdb

  Partitioning K-mers via pos-lists into 8 parts

  Resources for phase:  1.299u  0.076s  0.741w  185.5%

  Sorting & output of each part

  Sampled:      65045862 ( 75.0%) kmers/positions

  Resources for phase:  5.622u  1.390s  4.507w  155.6%

  Total Resources:  6.921u  1.467s  5.248w  159.8%  0MB

/work/shared/users/phd/jl4257/Project/genomics-agent/FASTGA/FastGA -vk -v -T2 -L:/work/shared/users/phd/jl4257/Project/genomics-agent/FASTGA/EXAMPLE/thread_2/fastga.log -P/work/shared/users/phd/jl4257/Project/genomics-agent/FASTGA/EXAMPLE/thread_2 -1:/work/shared/users/phd/jl4257/Project/genomics-agent/FASTGA/EXAMPLE/thread_2/H1vH2.1aln /work/shared/users/phd/jl4257/Project/genomics-agent/FASTGA/EXAMPLE/HAP1.fasta.gz /work/shared/users/phd/jl4257/Project/genomics-agent/FASTGA/EXAMPLE/HAP2.fasta.gz

  Using 2 threads

  Adaptive seed merge for G1

  Total seeds = 51082720, ave. len = 28.5, seeds per genome position = 0.6

  Resources for phase:  3.798u  26.226s  16.915w  177.5%

  Seed sort and alignment search, 4 parts

  Total hits over 85bp = 338700, 376250 aln's, 323569 non-redundant aln's of ave len 1953

  Sorting and merging alignments

  Resources for phase:  1:37.176u  1.030s  51.551w  190.5%

  Total Resources:  1:40.975u  27.256s  1:08.467w  187.3%  0MB
